CRITICAL - 2022-05-31 03:16:27 --> Object of class App\Models\ModelBarang could not be converted to string
#0 C:\xampp\htdocs\undangan\system\CodeIgniter.php(832): App\Controllers\Main->index()
#1 C:\xampp\htdocs\undangan\system\CodeIgniter.php(419): CodeIgniter\CodeIgniter->runController(Object(App\Controllers\Main))
#2 C:\xampp\htdocs\undangan\system\CodeIgniter.php(326): CodeIgniter\CodeIgniter->handleRequest(NULL, Object(Config\Cache), false)
#3 C:\xampp\htdocs\undangan\public\index.php(37): CodeIgniter\CodeIgniter->run()
#4 C:\xampp\htdocs\undangan\system\Commands\Server\rewrite.php(43): require_once('C:\\xampp\\htdocs...')
#5 {main}
CRITICAL - 2022-05-31 03:17:27 --> Cannot use object of type mysqli as array
#0 C:\xampp\htdocs\undangan\system\View\View.php(210): include()
#1 C:\xampp\htdocs\undangan\system\View\View.php(213): CodeIgniter\View\View->CodeIgniter\View\{closure}()
#2 C:\xampp\htdocs\undangan\system\Common.php(1089): CodeIgniter\View\View->render('main/layout', Array, true)
#3 C:\xampp\htdocs\undangan\app\Controllers\Main.php(19): view('main/layout', Array)
#4 C:\xampp\htdocs\undangan\system\CodeIgniter.php(832): App\Controllers\Main->index()
#5 C:\xampp\htdocs\undangan\system\CodeIgniter.php(419): CodeIgniter\CodeIgniter->runController(Object(App\Controllers\Main))
#6 C:\xampp\htdocs\undangan\system\CodeIgniter.php(326): CodeIgniter\CodeIgniter->handleRequest(NULL, Object(Config\Cache), false)
#7 C:\xampp\htdocs\undangan\public\index.php(37): CodeIgniter\CodeIgniter->run()
#8 C:\xampp\htdocs\undangan\system\Commands\Server\rewrite.php(43): require_once('C:\\xampp\\htdocs...')
#9 {main}
CRITICAL - 2022-05-31 03:22:03 --> Call to undefined function format_number()
#0 C:\xampp\htdocs\undangan\system\View\View.php(210): include()
#1 C:\xampp\htdocs\undangan\system\View\View.php(213): CodeIgniter\View\View->CodeIgniter\View\{closure}()
#2 C:\xampp\htdocs\undangan\system\Common.php(1089): CodeIgniter\View\View->render('main/layout', Array, true)
#3 C:\xampp\htdocs\undangan\app\Controllers\Main.php(19): view('main/layout', Array)
#4 C:\xampp\htdocs\undangan\system\CodeIgniter.php(832): App\Controllers\Main->index()
#5 C:\xampp\htdocs\undangan\system\CodeIgniter.php(419): CodeIgniter\CodeIgniter->runController(Object(App\Controllers\Main))
#6 C:\xampp\htdocs\undangan\system\CodeIgniter.php(326): CodeIgniter\CodeIgniter->handleRequest(NULL, Object(Config\Cache), false)
#7 C:\xampp\htdocs\undangan\public\index.php(37): CodeIgniter\CodeIgniter->run()
#8 C:\xampp\htdocs\undangan\system\Commands\Server\rewrite.php(43): require_once('C:\\xampp\\htdocs...')
#9 {main}
CRITICAL - 2022-05-31 03:22:13 --> Call to undefined function format_number()
#0 C:\xampp\htdocs\undangan\system\View\View.php(210): include()
#1 C:\xampp\htdocs\undangan\system\View\View.php(213): CodeIgniter\View\View->CodeIgniter\View\{closure}()
#2 C:\xampp\htdocs\undangan\system\Common.php(1089): CodeIgniter\View\View->render('main/layout', Array, true)
#3 C:\xampp\htdocs\undangan\app\Controllers\Main.php(19): view('main/layout', Array)
#4 C:\xampp\htdocs\undangan\system\CodeIgniter.php(832): App\Controllers\Main->index()
#5 C:\xampp\htdocs\undangan\system\CodeIgniter.php(419): CodeIgniter\CodeIgniter->runController(Object(App\Controllers\Main))
#6 C:\xampp\htdocs\undangan\system\CodeIgniter.php(326): CodeIgniter\CodeIgniter->handleRequest(NULL, Object(Config\Cache), false)
#7 C:\xampp\htdocs\undangan\public\index.php(37): CodeIgniter\CodeIgniter->run()
#8 C:\xampp\htdocs\undangan\system\Commands\Server\rewrite.php(43): require_once('C:\\xampp\\htdocs...')
#9 {main}
CRITICAL - 2022-05-31 04:30:45 --> Call to undefined method CodeIgniter\View\View::extends()
#0 C:\xampp\htdocs\undangan\system\View\View.php(210): include()
#1 C:\xampp\htdocs\undangan\system\View\View.php(213): CodeIgniter\View\View->CodeIgniter\View\{closure}()
#2 C:\xampp\htdocs\undangan\system\Common.php(1089): CodeIgniter\View\View->render('main/detailbara...', Array, true)
#3 C:\xampp\htdocs\undangan\app\Controllers\Main.php(30): view('main/detailbara...', Array)
#4 C:\xampp\htdocs\undangan\system\CodeIgniter.php(832): App\Controllers\Main->detailbarang('2')
#5 C:\xampp\htdocs\undangan\system\CodeIgniter.php(419): CodeIgniter\CodeIgniter->runController(Object(App\Controllers\Main))
#6 C:\xampp\htdocs\undangan\system\CodeIgniter.php(326): CodeIgniter\CodeIgniter->handleRequest(NULL, Object(Config\Cache), false)
#7 C:\xampp\htdocs\undangan\public\index.php(37): CodeIgniter\CodeIgniter->run()
#8 C:\xampp\htdocs\undangan\system\Commands\Server\rewrite.php(43): require_once('C:\\xampp\\htdocs...')
#9 {main}
