CRITICAL - 2022-06-15 01:46:18 --> Call to undefined function form_opent()
#0 C:\xampp\htdocs\undangan\system\View\View.php(210): include()
#1 C:\xampp\htdocs\undangan\system\View\View.php(213): CodeIgniter\View\View->CodeIgniter\View\{closure}()
#2 C:\xampp\htdocs\undangan\system\Common.php(1089): CodeIgniter\View\View->render('mempelaisatu/fo...', Array, true)
#3 C:\xampp\htdocs\undangan\app\Controllers\Mempelai.php(43): view('mempelaisatu/fo...', Array)
#4 C:\xampp\htdocs\undangan\system\CodeIgniter.php(832): App\Controllers\Mempelai->formtambahsatu()
#5 C:\xampp\htdocs\undangan\system\CodeIgniter.php(419): CodeIgniter\CodeIgniter->runController(Object(App\Controllers\Mempelai))
#6 C:\xampp\htdocs\undangan\system\CodeIgniter.php(326): CodeIgniter\CodeIgniter->handleRequest(NULL, Object(Config\Cache), false)
#7 C:\xampp\htdocs\undangan\public\index.php(37): CodeIgniter\CodeIgniter->run()
#8 C:\xampp\htdocs\undangan\system\Commands\Server\rewrite.php(43): require_once('C:\\xampp\\htdocs...')
#9 {main}
CRITICAL - 2022-06-15 01:46:28 --> Call to undefined function form_opent()
#0 C:\xampp\htdocs\undangan\system\View\View.php(210): include()
#1 C:\xampp\htdocs\undangan\system\View\View.php(213): CodeIgniter\View\View->CodeIgniter\View\{closure}()
#2 C:\xampp\htdocs\undangan\system\Common.php(1089): CodeIgniter\View\View->render('mempelaisatu/fo...', Array, true)
#3 C:\xampp\htdocs\undangan\app\Controllers\Mempelai.php(43): view('mempelaisatu/fo...', Array)
#4 C:\xampp\htdocs\undangan\system\CodeIgniter.php(832): App\Controllers\Mempelai->formtambahsatu()
#5 C:\xampp\htdocs\undangan\system\CodeIgniter.php(419): CodeIgniter\CodeIgniter->runController(Object(App\Controllers\Mempelai))
#6 C:\xampp\htdocs\undangan\system\CodeIgniter.php(326): CodeIgniter\CodeIgniter->handleRequest(NULL, Object(Config\Cache), false)
#7 C:\xampp\htdocs\undangan\public\index.php(37): CodeIgniter\CodeIgniter->run()
#8 C:\xampp\htdocs\undangan\system\Commands\Server\rewrite.php(43): require_once('C:\\xampp\\htdocs...')
#9 {main}
CRITICAL - 2022-06-15 02:08:43 --> Undefined variable: validation
#0 C:\xampp\htdocs\undangan\app\Views\mempelaisatu\formtambahsatu.php(18): CodeIgniter\Debug\Exceptions->errorHandler(8, 'Undefined varia...', 'C:\\xampp\\htdocs...', 18, Array)
#1 C:\xampp\htdocs\undangan\system\View\View.php(210): include('C:\\xampp\\htdocs...')
#2 C:\xampp\htdocs\undangan\system\View\View.php(213): CodeIgniter\View\View->CodeIgniter\View\{closure}()
#3 C:\xampp\htdocs\undangan\system\Common.php(1089): CodeIgniter\View\View->render('mempelaisatu/fo...', Array, true)
#4 C:\xampp\htdocs\undangan\app\Controllers\Mempelai.php(43): view('mempelaisatu/fo...', Array)
#5 C:\xampp\htdocs\undangan\system\CodeIgniter.php(832): App\Controllers\Mempelai->formtambahsatu()
#6 C:\xampp\htdocs\undangan\system\CodeIgniter.php(419): CodeIgniter\CodeIgniter->runController(Object(App\Controllers\Mempelai))
#7 C:\xampp\htdocs\undangan\system\CodeIgniter.php(326): CodeIgniter\CodeIgniter->handleRequest(NULL, Object(Config\Cache), false)
#8 C:\xampp\htdocs\undangan\public\index.php(37): CodeIgniter\CodeIgniter->run()
#9 C:\xampp\htdocs\undangan\system\Commands\Server\rewrite.php(43): require_once('C:\\xampp\\htdocs...')
#10 {main}
CRITICAL - 2022-06-15 02:08:58 --> Call to undefined method CodeIgniter\Session\Session::hasError()
#0 C:\xampp\htdocs\undangan\system\View\View.php(210): include()
#1 C:\xampp\htdocs\undangan\system\View\View.php(213): CodeIgniter\View\View->CodeIgniter\View\{closure}()
#2 C:\xampp\htdocs\undangan\system\Common.php(1089): CodeIgniter\View\View->render('mempelaisatu/fo...', Array, true)
#3 C:\xampp\htdocs\undangan\app\Controllers\Mempelai.php(43): view('mempelaisatu/fo...', Array)
#4 C:\xampp\htdocs\undangan\system\CodeIgniter.php(832): App\Controllers\Mempelai->formtambahsatu()
#5 C:\xampp\htdocs\undangan\system\CodeIgniter.php(419): CodeIgniter\CodeIgniter->runController(Object(App\Controllers\Mempelai))
#6 C:\xampp\htdocs\undangan\system\CodeIgniter.php(326): CodeIgniter\CodeIgniter->handleRequest(NULL, Object(Config\Cache), false)
#7 C:\xampp\htdocs\undangan\public\index.php(37): CodeIgniter\CodeIgniter->run()
#8 C:\xampp\htdocs\undangan\system\Commands\Server\rewrite.php(43): require_once('C:\\xampp\\htdocs...')
#9 {main}
CRITICAL - 2022-06-15 02:12:14 --> Undefined variable: validation
#0 C:\xampp\htdocs\undangan\app\Views\mempelaisatu\formtambahsatu.php(18): CodeIgniter\Debug\Exceptions->errorHandler(8, 'Undefined varia...', 'C:\\xampp\\htdocs...', 18, Array)
#1 C:\xampp\htdocs\undangan\system\View\View.php(210): include('C:\\xampp\\htdocs...')
#2 C:\xampp\htdocs\undangan\system\View\View.php(213): CodeIgniter\View\View->CodeIgniter\View\{closure}()
#3 C:\xampp\htdocs\undangan\system\Common.php(1089): CodeIgniter\View\View->render('mempelaisatu/fo...', Array, true)
#4 C:\xampp\htdocs\undangan\app\Controllers\Mempelai.php(45): view('mempelaisatu/fo...', Array)
#5 C:\xampp\htdocs\undangan\system\CodeIgniter.php(832): App\Controllers\Mempelai->formtambahsatu()
#6 C:\xampp\htdocs\undangan\system\CodeIgniter.php(419): CodeIgniter\CodeIgniter->runController(Object(App\Controllers\Mempelai))
#7 C:\xampp\htdocs\undangan\system\CodeIgniter.php(326): CodeIgniter\CodeIgniter->handleRequest(NULL, Object(Config\Cache), false)
#8 C:\xampp\htdocs\undangan\public\index.php(37): CodeIgniter\CodeIgniter->run()
#9 C:\xampp\htdocs\undangan\system\Commands\Server\rewrite.php(43): require_once('C:\\xampp\\htdocs...')
#10 {main}
CRITICAL - 2022-06-15 02:12:44 --> Call to undefined method CodeIgniter\Session\Session::hasError()
#0 C:\xampp\htdocs\undangan\system\View\View.php(210): include()
#1 C:\xampp\htdocs\undangan\system\View\View.php(213): CodeIgniter\View\View->CodeIgniter\View\{closure}()
#2 C:\xampp\htdocs\undangan\system\Common.php(1089): CodeIgniter\View\View->render('mempelaisatu/fo...', Array, true)
#3 C:\xampp\htdocs\undangan\app\Controllers\Mempelai.php(43): view('mempelaisatu/fo...', Array)
#4 C:\xampp\htdocs\undangan\system\CodeIgniter.php(832): App\Controllers\Mempelai->formtambahsatu()
#5 C:\xampp\htdocs\undangan\system\CodeIgniter.php(419): CodeIgniter\CodeIgniter->runController(Object(App\Controllers\Mempelai))
#6 C:\xampp\htdocs\undangan\system\CodeIgniter.php(326): CodeIgniter\CodeIgniter->handleRequest(NULL, Object(Config\Cache), false)
#7 C:\xampp\htdocs\undangan\public\index.php(37): CodeIgniter\CodeIgniter->run()
#8 C:\xampp\htdocs\undangan\system\Commands\Server\rewrite.php(43): require_once('C:\\xampp\\htdocs...')
#9 {main}
CRITICAL - 2022-06-15 03:09:07 --> Undefined property: App\Controllers\Mempelai::$modelmempelaisatu
#0 C:\xampp\htdocs\undangan\app\Controllers\Mempelai.php(115): CodeIgniter\Debug\Exceptions->errorHandler(8, 'Undefined prope...', 'C:\\xampp\\htdocs...', 115, Array)
#1 C:\xampp\htdocs\undangan\system\CodeIgniter.php(832): App\Controllers\Mempelai->simpansatu()
#2 C:\xampp\htdocs\undangan\system\CodeIgniter.php(419): CodeIgniter\CodeIgniter->runController(Object(App\Controllers\Mempelai))
#3 C:\xampp\htdocs\undangan\system\CodeIgniter.php(326): CodeIgniter\CodeIgniter->handleRequest(NULL, Object(Config\Cache), false)
#4 C:\xampp\htdocs\undangan\public\index.php(37): CodeIgniter\CodeIgniter->run()
#5 C:\xampp\htdocs\undangan\system\Commands\Server\rewrite.php(43): require_once('C:\\xampp\\htdocs...')
#6 {main}
CRITICAL - 2022-06-15 03:28:28 --> Too few arguments to function App\Controllers\Undangan::index(), 0 passed in C:\xampp\htdocs\undangan\system\CodeIgniter.php on line 832 and exactly 1 expected
#0 C:\xampp\htdocs\undangan\system\CodeIgniter.php(832): App\Controllers\Undangan->index()
#1 C:\xampp\htdocs\undangan\system\CodeIgniter.php(419): CodeIgniter\CodeIgniter->runController(Object(App\Controllers\Undangan))
#2 C:\xampp\htdocs\undangan\system\CodeIgniter.php(326): CodeIgniter\CodeIgniter->handleRequest(NULL, Object(Config\Cache), false)
#3 C:\xampp\htdocs\undangan\public\index.php(37): CodeIgniter\CodeIgniter->run()
#4 C:\xampp\htdocs\undangan\system\Commands\Server\rewrite.php(43): require_once('C:\\xampp\\htdocs...')
#5 {main}
CRITICAL - 2022-06-15 03:28:29 --> Undefined index: nikahsatunamapanggilan
#0 C:\xampp\htdocs\undangan\app\Controllers\Undangan.php(22): CodeIgniter\Debug\Exceptions->errorHandler(8, 'Undefined index...', 'C:\\xampp\\htdocs...', 22, Array)
#1 C:\xampp\htdocs\undangan\system\CodeIgniter.php(832): App\Controllers\Undangan->index('lela')
#2 C:\xampp\htdocs\undangan\system\CodeIgniter.php(419): CodeIgniter\CodeIgniter->runController(Object(App\Controllers\Undangan))
#3 C:\xampp\htdocs\undangan\system\CodeIgniter.php(326): CodeIgniter\CodeIgniter->handleRequest(NULL, Object(Config\Cache), false)
#4 C:\xampp\htdocs\undangan\public\index.php(37): CodeIgniter\CodeIgniter->run()
#5 C:\xampp\htdocs\undangan\system\Commands\Server\rewrite.php(43): require_once('C:\\xampp\\htdocs...')
#6 {main}
ERROR - 2022-06-15 04:17:34 --> Unknown column 'nikahduanamapanggilan' in 'field list'
CRITICAL - 2022-06-15 04:17:34 --> Unknown column 'nikahduanamapanggilan' in 'field list'
#0 C:\xampp\htdocs\undangan\system\Database\MySQLi\Connection.php(292): mysqli->query('INSERT INTO `me...', 0)
#1 C:\xampp\htdocs\undangan\system\Database\BaseConnection.php(670): CodeIgniter\Database\MySQLi\Connection->execute('INSERT INTO `me...')
#2 C:\xampp\htdocs\undangan\system\Database\BaseConnection.php(598): CodeIgniter\Database\BaseConnection->simpleQuery('INSERT INTO `me...')
#3 C:\xampp\htdocs\undangan\system\Database\BaseBuilder.php(1771): CodeIgniter\Database\BaseConnection->query('INSERT INTO `me...', Array, false)
#4 C:\xampp\htdocs\undangan\system\Model.php(239): CodeIgniter\Database\BaseBuilder->insert()
#5 C:\xampp\htdocs\undangan\system\BaseModel.php(738): CodeIgniter\Model->doInsert(Array)
#6 C:\xampp\htdocs\undangan\system\Model.php(625): CodeIgniter\BaseModel->insert(Array, true)
#7 C:\xampp\htdocs\undangan\app\Controllers\Mempelai.php(242): CodeIgniter\Model->insert(Array)
#8 C:\xampp\htdocs\undangan\system\CodeIgniter.php(832): App\Controllers\Mempelai->simpandua()
#9 C:\xampp\htdocs\undangan\system\CodeIgniter.php(419): CodeIgniter\CodeIgniter->runController(Object(App\Controllers\Mempelai))
#10 C:\xampp\htdocs\undangan\system\CodeIgniter.php(326): CodeIgniter\CodeIgniter->handleRequest(NULL, Object(Config\Cache), false)
#11 C:\xampp\htdocs\undangan\public\index.php(37): CodeIgniter\CodeIgniter->run()
#12 C:\xampp\htdocs\undangan\system\Commands\Server\rewrite.php(43): require_once('C:\\xampp\\htdocs...')
#13 {main}
