CRITICAL - 2022-06-14 03:56:43 --> Call to undefined method App\Models\ModelMempelaiSatu::tampildata
#0 C:\xampp\htdocs\undangan\app\Controllers\Mempelai.php(23): CodeIgniter\Model->__call('tampildata', Array)
#1 C:\xampp\htdocs\undangan\system\CodeIgniter.php(832): App\Controllers\Mempelai->satu()
#2 C:\xampp\htdocs\undangan\system\CodeIgniter.php(419): CodeIgniter\CodeIgniter->runController(Object(App\Controllers\Mempelai))
#3 C:\xampp\htdocs\undangan\system\CodeIgniter.php(326): CodeIgniter\CodeIgniter->handleRequest(NULL, Object(Config\Cache), false)
#4 C:\xampp\htdocs\undangan\public\index.php(37): CodeIgniter\CodeIgniter->run()
#5 C:\xampp\htdocs\undangan\system\Commands\Server\rewrite.php(43): require_once('C:\\xampp\\htdocs...')
#6 {main}
CRITICAL - 2022-06-14 04:20:15 --> Too few arguments to function App\Controllers\Mempelai::satu(), 0 passed in C:\xampp\htdocs\undangan\system\CodeIgniter.php on line 832 and exactly 1 expected
#0 C:\xampp\htdocs\undangan\system\CodeIgniter.php(832): App\Controllers\Mempelai->satu()
#1 C:\xampp\htdocs\undangan\system\CodeIgniter.php(419): CodeIgniter\CodeIgniter->runController(Object(App\Controllers\Mempelai))
#2 C:\xampp\htdocs\undangan\system\CodeIgniter.php(326): CodeIgniter\CodeIgniter->handleRequest(NULL, Object(Config\Cache), false)
#3 C:\xampp\htdocs\undangan\public\index.php(37): CodeIgniter\CodeIgniter->run()
#4 C:\xampp\htdocs\undangan\system\Commands\Server\rewrite.php(43): require_once('C:\\xampp\\htdocs...')
#5 {main}
CRITICAL - 2022-06-14 04:20:30 --> Invalid argument supplied for foreach()
#0 C:\xampp\htdocs\undangan\app\Views\mempelaisatu\viewdata.php(48): CodeIgniter\Debug\Exceptions->errorHandler(2, 'Invalid argumen...', 'C:\\xampp\\htdocs...', 48, Array)
#1 C:\xampp\htdocs\undangan\system\View\View.php(210): include('C:\\xampp\\htdocs...')
#2 C:\xampp\htdocs\undangan\system\View\View.php(213): CodeIgniter\View\View->CodeIgniter\View\{closure}()
#3 C:\xampp\htdocs\undangan\system\Common.php(1089): CodeIgniter\View\View->render('mempelaisatu/vi...', Array, true)
#4 C:\xampp\htdocs\undangan\app\Controllers\Mempelai.php(25): view('mempelaisatu/vi...', Array)
#5 C:\xampp\htdocs\undangan\system\CodeIgniter.php(832): App\Controllers\Mempelai->satu('ADMIN')
#6 C:\xampp\htdocs\undangan\system\CodeIgniter.php(419): CodeIgniter\CodeIgniter->runController(Object(App\Controllers\Mempelai))
#7 C:\xampp\htdocs\undangan\system\CodeIgniter.php(326): CodeIgniter\CodeIgniter->handleRequest(NULL, Object(Config\Cache), false)
#8 C:\xampp\htdocs\undangan\public\index.php(37): CodeIgniter\CodeIgniter->run()
#9 C:\xampp\htdocs\undangan\system\Commands\Server\rewrite.php(43): require_once('C:\\xampp\\htdocs...')
#10 {main}
CRITICAL - 2022-06-14 04:24:03 --> Trying to get property 'getRes' of non-object
#0 C:\xampp\htdocs\undangan\app\Views\mempelaisatu\viewdata.php(48): CodeIgniter\Debug\Exceptions->errorHandler(8, 'Trying to get p...', 'C:\\xampp\\htdocs...', 48, Array)
#1 C:\xampp\htdocs\undangan\system\View\View.php(210): include('C:\\xampp\\htdocs...')
#2 C:\xampp\htdocs\undangan\system\View\View.php(213): CodeIgniter\View\View->CodeIgniter\View\{closure}()
#3 C:\xampp\htdocs\undangan\system\Common.php(1089): CodeIgniter\View\View->render('mempelaisatu/vi...', Array, true)
#4 C:\xampp\htdocs\undangan\app\Controllers\Mempelai.php(28): view('mempelaisatu/vi...', Array)
#5 C:\xampp\htdocs\undangan\system\CodeIgniter.php(832): App\Controllers\Mempelai->satu('ADMIN')
#6 C:\xampp\htdocs\undangan\system\CodeIgniter.php(419): CodeIgniter\CodeIgniter->runController(Object(App\Controllers\Mempelai))
#7 C:\xampp\htdocs\undangan\system\CodeIgniter.php(326): CodeIgniter\CodeIgniter->handleRequest(NULL, Object(Config\Cache), false)
#8 C:\xampp\htdocs\undangan\public\index.php(37): CodeIgniter\CodeIgniter->run()
#9 C:\xampp\htdocs\undangan\system\Commands\Server\rewrite.php(43): require_once('C:\\xampp\\htdocs...')
#10 {main}
CRITICAL - 2022-06-14 04:24:25 --> Invalid argument supplied for foreach()
#0 C:\xampp\htdocs\undangan\app\Views\mempelaisatu\viewdata.php(48): CodeIgniter\Debug\Exceptions->errorHandler(2, 'Invalid argumen...', 'C:\\xampp\\htdocs...', 48, Array)
#1 C:\xampp\htdocs\undangan\system\View\View.php(210): include('C:\\xampp\\htdocs...')
#2 C:\xampp\htdocs\undangan\system\View\View.php(213): CodeIgniter\View\View->CodeIgniter\View\{closure}()
#3 C:\xampp\htdocs\undangan\system\Common.php(1089): CodeIgniter\View\View->render('mempelaisatu/vi...', Array, true)
#4 C:\xampp\htdocs\undangan\app\Controllers\Mempelai.php(28): view('mempelaisatu/vi...', Array)
#5 C:\xampp\htdocs\undangan\system\CodeIgniter.php(832): App\Controllers\Mempelai->satu('ADMIN')
#6 C:\xampp\htdocs\undangan\system\CodeIgniter.php(419): CodeIgniter\CodeIgniter->runController(Object(App\Controllers\Mempelai))
#7 C:\xampp\htdocs\undangan\system\CodeIgniter.php(326): CodeIgniter\CodeIgniter->handleRequest(NULL, Object(Config\Cache), false)
#8 C:\xampp\htdocs\undangan\public\index.php(37): CodeIgniter\CodeIgniter->run()
#9 C:\xampp\htdocs\undangan\system\Commands\Server\rewrite.php(43): require_once('C:\\xampp\\htdocs...')
#10 {main}
