ERROR - 2022-06-02 00:53:25 --> Error connecting to the database: No connection could be made because the target machine actively refused it.

CRITICAL - 2022-06-02 00:53:25 --> Unable to connect to the database.
Main connection [MySQLi]: No connection could be made because the target machine actively refused it.

#0 C:\xampp\htdocs\undangan\system\Database\BaseConnection.php(577): CodeIgniter\Database\BaseConnection->initialize()
#1 C:\xampp\htdocs\undangan\system\Database\BaseBuilder.php(1455): CodeIgniter\Database\BaseConnection->query('SELECT *\nFROM `...', Array, false)
#2 C:\xampp\htdocs\undangan\system\Model.php(728): CodeIgniter\Database\BaseBuilder->get()
#3 C:\xampp\htdocs\undangan\app\Models\ModelBarang.php(18): CodeIgniter\Model->__call('get', Array)
#4 C:\xampp\htdocs\undangan\app\Controllers\Main.php(20): App\Models\ModelBarang->tampildata()
#5 C:\xampp\htdocs\undangan\system\CodeIgniter.php(832): App\Controllers\Main->index()
#6 C:\xampp\htdocs\undangan\system\CodeIgniter.php(419): CodeIgniter\CodeIgniter->runController(Object(App\Controllers\Main))
#7 C:\xampp\htdocs\undangan\system\CodeIgniter.php(326): CodeIgniter\CodeIgniter->handleRequest(NULL, Object(Config\Cache), false)
#8 C:\xampp\htdocs\undangan\public\index.php(37): CodeIgniter\CodeIgniter->run()
#9 C:\xampp\htdocs\undangan\system\Commands\Server\rewrite.php(43): require_once('C:\\xampp\\htdocs...')
#10 {main}
CRITICAL - 2022-06-02 00:56:54 --> Trying to access array offset on value of type null
#0 C:\xampp\htdocs\undangan\app\Controllers\Main.php(31): CodeIgniter\Debug\Exceptions->errorHandler(8, 'Trying to acces...', 'C:\\xampp\\htdocs...', 31, Array)
#1 C:\xampp\htdocs\undangan\system\CodeIgniter.php(832): App\Controllers\Main->detailbarang('356a192b7913b04...')
#2 C:\xampp\htdocs\undangan\system\CodeIgniter.php(419): CodeIgniter\CodeIgniter->runController(Object(App\Controllers\Main))
#3 C:\xampp\htdocs\undangan\system\CodeIgniter.php(326): CodeIgniter\CodeIgniter->handleRequest(NULL, Object(Config\Cache), false)
#4 C:\xampp\htdocs\undangan\public\index.php(37): CodeIgniter\CodeIgniter->run()
#5 C:\xampp\htdocs\undangan\system\Commands\Server\rewrite.php(43): require_once('C:\\xampp\\htdocs...')
#6 {main}
CRITICAL - 2022-06-02 00:58:05 --> Can't use function return value in write context
#0 [internal function]: CodeIgniter\Debug\Exceptions->shutdownHandler()
#1 {main}
CRITICAL - 2022-06-02 00:58:26 --> Trying to access array offset on value of type null
#0 C:\xampp\htdocs\undangan\app\Controllers\Main.php(32): CodeIgniter\Debug\Exceptions->errorHandler(8, 'Trying to acces...', 'C:\\xampp\\htdocs...', 32, Array)
#1 C:\xampp\htdocs\undangan\system\CodeIgniter.php(832): App\Controllers\Main->detailbarang('356a192b7913b04...')
#2 C:\xampp\htdocs\undangan\system\CodeIgniter.php(419): CodeIgniter\CodeIgniter->runController(Object(App\Controllers\Main))
#3 C:\xampp\htdocs\undangan\system\CodeIgniter.php(326): CodeIgniter\CodeIgniter->handleRequest(NULL, Object(Config\Cache), false)
#4 C:\xampp\htdocs\undangan\public\index.php(37): CodeIgniter\CodeIgniter->run()
#5 C:\xampp\htdocs\undangan\system\Commands\Server\rewrite.php(43): require_once('C:\\xampp\\htdocs...')
#6 {main}
CRITICAL - 2022-06-02 00:58:34 --> Trying to access array offset on value of type null
#0 C:\xampp\htdocs\undangan\app\Controllers\Main.php(32): CodeIgniter\Debug\Exceptions->errorHandler(8, 'Trying to acces...', 'C:\\xampp\\htdocs...', 32, Array)
#1 C:\xampp\htdocs\undangan\system\CodeIgniter.php(832): App\Controllers\Main->detailbarang('356a192b7913b04...')
#2 C:\xampp\htdocs\undangan\system\CodeIgniter.php(419): CodeIgniter\CodeIgniter->runController(Object(App\Controllers\Main))
#3 C:\xampp\htdocs\undangan\system\CodeIgniter.php(326): CodeIgniter\CodeIgniter->handleRequest(NULL, Object(Config\Cache), false)
#4 C:\xampp\htdocs\undangan\public\index.php(37): CodeIgniter\CodeIgniter->run()
#5 C:\xampp\htdocs\undangan\system\Commands\Server\rewrite.php(43): require_once('C:\\xampp\\htdocs...')
#6 {main}
CRITICAL - 2022-06-02 01:19:51 --> Trying to access array offset on value of type null
#0 C:\xampp\htdocs\undangan\app\Controllers\Main.php(32): CodeIgniter\Debug\Exceptions->errorHandler(8, 'Trying to acces...', 'C:\\xampp\\htdocs...', 32, Array)
#1 C:\xampp\htdocs\undangan\system\CodeIgniter.php(832): App\Controllers\Main->detailbarang('356a192b7913b04...')
#2 C:\xampp\htdocs\undangan\system\CodeIgniter.php(419): CodeIgniter\CodeIgniter->runController(Object(App\Controllers\Main))
#3 C:\xampp\htdocs\undangan\system\CodeIgniter.php(326): CodeIgniter\CodeIgniter->handleRequest(NULL, Object(Config\Cache), false)
#4 C:\xampp\htdocs\undangan\public\index.php(37): CodeIgniter\CodeIgniter->run()
#5 C:\xampp\htdocs\undangan\system\Commands\Server\rewrite.php(43): require_once('C:\\xampp\\htdocs...')
#6 {main}
CRITICAL - 2022-06-02 01:20:14 --> Trying to access array offset on value of type null
#0 C:\xampp\htdocs\undangan\app\Controllers\Main.php(32): CodeIgniter\Debug\Exceptions->errorHandler(8, 'Trying to acces...', 'C:\\xampp\\htdocs...', 32, Array)
#1 C:\xampp\htdocs\undangan\system\CodeIgniter.php(832): App\Controllers\Main->detailbarang('356a192b7913b04...')
#2 C:\xampp\htdocs\undangan\system\CodeIgniter.php(419): CodeIgniter\CodeIgniter->runController(Object(App\Controllers\Main))
#3 C:\xampp\htdocs\undangan\system\CodeIgniter.php(326): CodeIgniter\CodeIgniter->handleRequest(NULL, Object(Config\Cache), false)
#4 C:\xampp\htdocs\undangan\public\index.php(37): CodeIgniter\CodeIgniter->run()
#5 C:\xampp\htdocs\undangan\system\Commands\Server\rewrite.php(43): require_once('C:\\xampp\\htdocs...')
#6 {main}
CRITICAL - 2022-06-02 01:20:16 --> Trying to access array offset on value of type null
#0 C:\xampp\htdocs\undangan\app\Controllers\Main.php(32): CodeIgniter\Debug\Exceptions->errorHandler(8, 'Trying to acces...', 'C:\\xampp\\htdocs...', 32, Array)
#1 C:\xampp\htdocs\undangan\system\CodeIgniter.php(832): App\Controllers\Main->detailbarang('356a192b7913b04...')
#2 C:\xampp\htdocs\undangan\system\CodeIgniter.php(419): CodeIgniter\CodeIgniter->runController(Object(App\Controllers\Main))
#3 C:\xampp\htdocs\undangan\system\CodeIgniter.php(326): CodeIgniter\CodeIgniter->handleRequest(NULL, Object(Config\Cache), false)
#4 C:\xampp\htdocs\undangan\public\index.php(37): CodeIgniter\CodeIgniter->run()
#5 C:\xampp\htdocs\undangan\system\Commands\Server\rewrite.php(43): require_once('C:\\xampp\\htdocs...')
#6 {main}
CRITICAL - 2022-06-02 01:20:36 --> Trying to access array offset on value of type null
#0 C:\xampp\htdocs\undangan\app\Controllers\Main.php(31): CodeIgniter\Debug\Exceptions->errorHandler(8, 'Trying to acces...', 'C:\\xampp\\htdocs...', 31, Array)
#1 C:\xampp\htdocs\undangan\system\CodeIgniter.php(832): App\Controllers\Main->detailbarang('356a192b7913b04...')
#2 C:\xampp\htdocs\undangan\system\CodeIgniter.php(419): CodeIgniter\CodeIgniter->runController(Object(App\Controllers\Main))
#3 C:\xampp\htdocs\undangan\system\CodeIgniter.php(326): CodeIgniter\CodeIgniter->handleRequest(NULL, Object(Config\Cache), false)
#4 C:\xampp\htdocs\undangan\public\index.php(37): CodeIgniter\CodeIgniter->run()
#5 C:\xampp\htdocs\undangan\system\Commands\Server\rewrite.php(43): require_once('C:\\xampp\\htdocs...')
#6 {main}
CRITICAL - 2022-06-02 03:18:01 --> Undefined variable: erruserid
#0 C:\xampp\htdocs\undangan\app\Views\main\daftar.php(7): CodeIgniter\Debug\Exceptions->errorHandler(8, 'Undefined varia...', 'C:\\xampp\\htdocs...', 7, Array)
#1 C:\xampp\htdocs\undangan\system\View\View.php(210): include('C:\\xampp\\htdocs...')
#2 C:\xampp\htdocs\undangan\system\View\View.php(213): CodeIgniter\View\View->CodeIgniter\View\{closure}()
#3 C:\xampp\htdocs\undangan\system\Common.php(1089): CodeIgniter\View\View->render('main/daftar', Array, true)
#4 C:\xampp\htdocs\undangan\app\Controllers\Main.php(30): view('main/daftar', Array)
#5 C:\xampp\htdocs\undangan\system\CodeIgniter.php(832): App\Controllers\Main->daftar()
#6 C:\xampp\htdocs\undangan\system\CodeIgniter.php(419): CodeIgniter\CodeIgniter->runController(Object(App\Controllers\Main))
#7 C:\xampp\htdocs\undangan\system\CodeIgniter.php(326): CodeIgniter\CodeIgniter->handleRequest(NULL, Object(Config\Cache), false)
#8 C:\xampp\htdocs\undangan\public\index.php(37): CodeIgniter\CodeIgniter->run()
#9 C:\xampp\htdocs\undangan\system\Commands\Server\rewrite.php(43): require_once('C:\\xampp\\htdocs...')
#10 {main}
CRITICAL - 2022-06-02 03:18:45 --> Undefined variable: erruserid
#0 C:\xampp\htdocs\undangan\app\Views\main\daftar.php(7): CodeIgniter\Debug\Exceptions->errorHandler(8, 'Undefined varia...', 'C:\\xampp\\htdocs...', 7, Array)
#1 C:\xampp\htdocs\undangan\system\View\View.php(210): include('C:\\xampp\\htdocs...')
#2 C:\xampp\htdocs\undangan\system\View\View.php(213): CodeIgniter\View\View->CodeIgniter\View\{closure}()
#3 C:\xampp\htdocs\undangan\system\Common.php(1089): CodeIgniter\View\View->render('main/daftar', Array, true)
#4 C:\xampp\htdocs\undangan\app\Controllers\Main.php(30): view('main/daftar', Array)
#5 C:\xampp\htdocs\undangan\system\CodeIgniter.php(832): App\Controllers\Main->daftar()
#6 C:\xampp\htdocs\undangan\system\CodeIgniter.php(419): CodeIgniter\CodeIgniter->runController(Object(App\Controllers\Main))
#7 C:\xampp\htdocs\undangan\system\CodeIgniter.php(326): CodeIgniter\CodeIgniter->handleRequest(NULL, Object(Config\Cache), false)
#8 C:\xampp\htdocs\undangan\public\index.php(37): CodeIgniter\CodeIgniter->run()
#9 C:\xampp\htdocs\undangan\system\Commands\Server\rewrite.php(43): require_once('C:\\xampp\\htdocs...')
#10 {main}
CRITICAL - 2022-06-02 03:23:47 --> Undefined variable: errUserId
#0 C:\xampp\htdocs\undangan\app\Views\main\daftar.php(7): CodeIgniter\Debug\Exceptions->errorHandler(8, 'Undefined varia...', 'C:\\xampp\\htdocs...', 7, Array)
#1 C:\xampp\htdocs\undangan\system\View\View.php(210): include('C:\\xampp\\htdocs...')
#2 C:\xampp\htdocs\undangan\system\View\View.php(213): CodeIgniter\View\View->CodeIgniter\View\{closure}()
#3 C:\xampp\htdocs\undangan\system\Common.php(1089): CodeIgniter\View\View->render('main/daftar', Array, true)
#4 C:\xampp\htdocs\undangan\app\Controllers\Main.php(30): view('main/daftar', Array)
#5 C:\xampp\htdocs\undangan\system\CodeIgniter.php(832): App\Controllers\Main->daftar()
#6 C:\xampp\htdocs\undangan\system\CodeIgniter.php(419): CodeIgniter\CodeIgniter->runController(Object(App\Controllers\Main))
#7 C:\xampp\htdocs\undangan\system\CodeIgniter.php(326): CodeIgniter\CodeIgniter->handleRequest(NULL, Object(Config\Cache), false)
#8 C:\xampp\htdocs\undangan\public\index.php(37): CodeIgniter\CodeIgniter->run()
#9 C:\xampp\htdocs\undangan\system\Commands\Server\rewrite.php(43): require_once('C:\\xampp\\htdocs...')
#10 {main}
CRITICAL - 2022-06-02 03:23:48 --> Undefined variable: errUserId
#0 C:\xampp\htdocs\undangan\app\Views\main\daftar.php(7): CodeIgniter\Debug\Exceptions->errorHandler(8, 'Undefined varia...', 'C:\\xampp\\htdocs...', 7, Array)
#1 C:\xampp\htdocs\undangan\system\View\View.php(210): include('C:\\xampp\\htdocs...')
#2 C:\xampp\htdocs\undangan\system\View\View.php(213): CodeIgniter\View\View->CodeIgniter\View\{closure}()
#3 C:\xampp\htdocs\undangan\system\Common.php(1089): CodeIgniter\View\View->render('main/daftar', Array, true)
#4 C:\xampp\htdocs\undangan\app\Controllers\Main.php(30): view('main/daftar', Array)
#5 C:\xampp\htdocs\undangan\system\CodeIgniter.php(832): App\Controllers\Main->daftar()
#6 C:\xampp\htdocs\undangan\system\CodeIgniter.php(419): CodeIgniter\CodeIgniter->runController(Object(App\Controllers\Main))
#7 C:\xampp\htdocs\undangan\system\CodeIgniter.php(326): CodeIgniter\CodeIgniter->handleRequest(NULL, Object(Config\Cache), false)
#8 C:\xampp\htdocs\undangan\public\index.php(37): CodeIgniter\CodeIgniter->run()
#9 C:\xampp\htdocs\undangan\system\Commands\Server\rewrite.php(43): require_once('C:\\xampp\\htdocs...')
#10 {main}
CRITICAL - 2022-06-02 03:23:49 --> Undefined variable: errUserId
#0 C:\xampp\htdocs\undangan\app\Views\main\daftar.php(7): CodeIgniter\Debug\Exceptions->errorHandler(8, 'Undefined varia...', 'C:\\xampp\\htdocs...', 7, Array)
#1 C:\xampp\htdocs\undangan\system\View\View.php(210): include('C:\\xampp\\htdocs...')
#2 C:\xampp\htdocs\undangan\system\View\View.php(213): CodeIgniter\View\View->CodeIgniter\View\{closure}()
#3 C:\xampp\htdocs\undangan\system\Common.php(1089): CodeIgniter\View\View->render('main/daftar', Array, true)
#4 C:\xampp\htdocs\undangan\app\Controllers\Main.php(30): view('main/daftar', Array)
#5 C:\xampp\htdocs\undangan\system\CodeIgniter.php(832): App\Controllers\Main->daftar()
#6 C:\xampp\htdocs\undangan\system\CodeIgniter.php(419): CodeIgniter\CodeIgniter->runController(Object(App\Controllers\Main))
#7 C:\xampp\htdocs\undangan\system\CodeIgniter.php(326): CodeIgniter\CodeIgniter->handleRequest(NULL, Object(Config\Cache), false)
#8 C:\xampp\htdocs\undangan\public\index.php(37): CodeIgniter\CodeIgniter->run()
#9 C:\xampp\htdocs\undangan\system\Commands\Server\rewrite.php(43): require_once('C:\\xampp\\htdocs...')
#10 {main}
CRITICAL - 2022-06-02 03:23:49 --> Undefined variable: errUserId
#0 C:\xampp\htdocs\undangan\app\Views\main\daftar.php(7): CodeIgniter\Debug\Exceptions->errorHandler(8, 'Undefined varia...', 'C:\\xampp\\htdocs...', 7, Array)
#1 C:\xampp\htdocs\undangan\system\View\View.php(210): include('C:\\xampp\\htdocs...')
#2 C:\xampp\htdocs\undangan\system\View\View.php(213): CodeIgniter\View\View->CodeIgniter\View\{closure}()
#3 C:\xampp\htdocs\undangan\system\Common.php(1089): CodeIgniter\View\View->render('main/daftar', Array, true)
#4 C:\xampp\htdocs\undangan\app\Controllers\Main.php(30): view('main/daftar', Array)
#5 C:\xampp\htdocs\undangan\system\CodeIgniter.php(832): App\Controllers\Main->daftar()
#6 C:\xampp\htdocs\undangan\system\CodeIgniter.php(419): CodeIgniter\CodeIgniter->runController(Object(App\Controllers\Main))
#7 C:\xampp\htdocs\undangan\system\CodeIgniter.php(326): CodeIgniter\CodeIgniter->handleRequest(NULL, Object(Config\Cache), false)
#8 C:\xampp\htdocs\undangan\public\index.php(37): CodeIgniter\CodeIgniter->run()
#9 C:\xampp\htdocs\undangan\system\Commands\Server\rewrite.php(43): require_once('C:\\xampp\\htdocs...')
#10 {main}
CRITICAL - 2022-06-02 03:23:49 --> Undefined variable: errUserId
#0 C:\xampp\htdocs\undangan\app\Views\main\daftar.php(7): CodeIgniter\Debug\Exceptions->errorHandler(8, 'Undefined varia...', 'C:\\xampp\\htdocs...', 7, Array)
#1 C:\xampp\htdocs\undangan\system\View\View.php(210): include('C:\\xampp\\htdocs...')
#2 C:\xampp\htdocs\undangan\system\View\View.php(213): CodeIgniter\View\View->CodeIgniter\View\{closure}()
#3 C:\xampp\htdocs\undangan\system\Common.php(1089): CodeIgniter\View\View->render('main/daftar', Array, true)
#4 C:\xampp\htdocs\undangan\app\Controllers\Main.php(30): view('main/daftar', Array)
#5 C:\xampp\htdocs\undangan\system\CodeIgniter.php(832): App\Controllers\Main->daftar()
#6 C:\xampp\htdocs\undangan\system\CodeIgniter.php(419): CodeIgniter\CodeIgniter->runController(Object(App\Controllers\Main))
#7 C:\xampp\htdocs\undangan\system\CodeIgniter.php(326): CodeIgniter\CodeIgniter->handleRequest(NULL, Object(Config\Cache), false)
#8 C:\xampp\htdocs\undangan\public\index.php(37): CodeIgniter\CodeIgniter->run()
#9 C:\xampp\htdocs\undangan\system\Commands\Server\rewrite.php(43): require_once('C:\\xampp\\htdocs...')
#10 {main}
CRITICAL - 2022-06-02 03:23:50 --> Undefined variable: errUserId
#0 C:\xampp\htdocs\undangan\app\Views\main\daftar.php(7): CodeIgniter\Debug\Exceptions->errorHandler(8, 'Undefined varia...', 'C:\\xampp\\htdocs...', 7, Array)
#1 C:\xampp\htdocs\undangan\system\View\View.php(210): include('C:\\xampp\\htdocs...')
#2 C:\xampp\htdocs\undangan\system\View\View.php(213): CodeIgniter\View\View->CodeIgniter\View\{closure}()
#3 C:\xampp\htdocs\undangan\system\Common.php(1089): CodeIgniter\View\View->render('main/daftar', Array, true)
#4 C:\xampp\htdocs\undangan\app\Controllers\Main.php(30): view('main/daftar', Array)
#5 C:\xampp\htdocs\undangan\system\CodeIgniter.php(832): App\Controllers\Main->daftar()
#6 C:\xampp\htdocs\undangan\system\CodeIgniter.php(419): CodeIgniter\CodeIgniter->runController(Object(App\Controllers\Main))
#7 C:\xampp\htdocs\undangan\system\CodeIgniter.php(326): CodeIgniter\CodeIgniter->handleRequest(NULL, Object(Config\Cache), false)
#8 C:\xampp\htdocs\undangan\public\index.php(37): CodeIgniter\CodeIgniter->run()
#9 C:\xampp\htdocs\undangan\system\Commands\Server\rewrite.php(43): require_once('C:\\xampp\\htdocs...')
#10 {main}
CRITICAL - 2022-06-02 03:28:13 --> Undefined variable: errUserId
#0 C:\xampp\htdocs\undangan\app\Views\main\daftar.php(7): CodeIgniter\Debug\Exceptions->errorHandler(8, 'Undefined varia...', 'C:\\xampp\\htdocs...', 7, Array)
#1 C:\xampp\htdocs\undangan\system\View\View.php(210): include('C:\\xampp\\htdocs...')
#2 C:\xampp\htdocs\undangan\system\View\View.php(213): CodeIgniter\View\View->CodeIgniter\View\{closure}()
#3 C:\xampp\htdocs\undangan\system\Common.php(1089): CodeIgniter\View\View->render('main/daftar', Array, true)
#4 C:\xampp\htdocs\undangan\app\Controllers\Main.php(30): view('main/daftar', Array)
#5 C:\xampp\htdocs\undangan\system\CodeIgniter.php(832): App\Controllers\Main->daftar()
#6 C:\xampp\htdocs\undangan\system\CodeIgniter.php(419): CodeIgniter\CodeIgniter->runController(Object(App\Controllers\Main))
#7 C:\xampp\htdocs\undangan\system\CodeIgniter.php(326): CodeIgniter\CodeIgniter->handleRequest(NULL, Object(Config\Cache), false)
#8 C:\xampp\htdocs\undangan\public\index.php(37): CodeIgniter\CodeIgniter->run()
#9 C:\xampp\htdocs\undangan\system\Commands\Server\rewrite.php(43): require_once('C:\\xampp\\htdocs...')
#10 {main}
CRITICAL - 2022-06-02 03:28:14 --> Undefined variable: errUserId
#0 C:\xampp\htdocs\undangan\app\Views\main\daftar.php(7): CodeIgniter\Debug\Exceptions->errorHandler(8, 'Undefined varia...', 'C:\\xampp\\htdocs...', 7, Array)
#1 C:\xampp\htdocs\undangan\system\View\View.php(210): include('C:\\xampp\\htdocs...')
#2 C:\xampp\htdocs\undangan\system\View\View.php(213): CodeIgniter\View\View->CodeIgniter\View\{closure}()
#3 C:\xampp\htdocs\undangan\system\Common.php(1089): CodeIgniter\View\View->render('main/daftar', Array, true)
#4 C:\xampp\htdocs\undangan\app\Controllers\Main.php(30): view('main/daftar', Array)
#5 C:\xampp\htdocs\undangan\system\CodeIgniter.php(832): App\Controllers\Main->daftar()
#6 C:\xampp\htdocs\undangan\system\CodeIgniter.php(419): CodeIgniter\CodeIgniter->runController(Object(App\Controllers\Main))
#7 C:\xampp\htdocs\undangan\system\CodeIgniter.php(326): CodeIgniter\CodeIgniter->handleRequest(NULL, Object(Config\Cache), false)
#8 C:\xampp\htdocs\undangan\public\index.php(37): CodeIgniter\CodeIgniter->run()
#9 C:\xampp\htdocs\undangan\system\Commands\Server\rewrite.php(43): require_once('C:\\xampp\\htdocs...')
#10 {main}
CRITICAL - 2022-06-02 03:28:18 --> Undefined variable: errUserId
#0 C:\xampp\htdocs\undangan\app\Views\main\daftar.php(7): CodeIgniter\Debug\Exceptions->errorHandler(8, 'Undefined varia...', 'C:\\xampp\\htdocs...', 7, Array)
#1 C:\xampp\htdocs\undangan\system\View\View.php(210): include('C:\\xampp\\htdocs...')
#2 C:\xampp\htdocs\undangan\system\View\View.php(213): CodeIgniter\View\View->CodeIgniter\View\{closure}()
#3 C:\xampp\htdocs\undangan\system\Common.php(1089): CodeIgniter\View\View->render('main/daftar', Array, true)
#4 C:\xampp\htdocs\undangan\app\Controllers\Main.php(30): view('main/daftar', Array)
#5 C:\xampp\htdocs\undangan\system\CodeIgniter.php(832): App\Controllers\Main->daftar()
#6 C:\xampp\htdocs\undangan\system\CodeIgniter.php(419): CodeIgniter\CodeIgniter->runController(Object(App\Controllers\Main))
#7 C:\xampp\htdocs\undangan\system\CodeIgniter.php(326): CodeIgniter\CodeIgniter->handleRequest(NULL, Object(Config\Cache), false)
#8 C:\xampp\htdocs\undangan\public\index.php(37): CodeIgniter\CodeIgniter->run()
#9 C:\xampp\htdocs\undangan\system\Commands\Server\rewrite.php(43): require_once('C:\\xampp\\htdocs...')
#10 {main}
CRITICAL - 2022-06-02 03:28:20 --> Undefined variable: errUserId
#0 C:\xampp\htdocs\undangan\app\Views\main\daftar.php(7): CodeIgniter\Debug\Exceptions->errorHandler(8, 'Undefined varia...', 'C:\\xampp\\htdocs...', 7, Array)
#1 C:\xampp\htdocs\undangan\system\View\View.php(210): include('C:\\xampp\\htdocs...')
#2 C:\xampp\htdocs\undangan\system\View\View.php(213): CodeIgniter\View\View->CodeIgniter\View\{closure}()
#3 C:\xampp\htdocs\undangan\system\Common.php(1089): CodeIgniter\View\View->render('main/daftar', Array, true)
#4 C:\xampp\htdocs\undangan\app\Controllers\Main.php(30): view('main/daftar', Array)
#5 C:\xampp\htdocs\undangan\system\CodeIgniter.php(832): App\Controllers\Main->daftar()
#6 C:\xampp\htdocs\undangan\system\CodeIgniter.php(419): CodeIgniter\CodeIgniter->runController(Object(App\Controllers\Main))
#7 C:\xampp\htdocs\undangan\system\CodeIgniter.php(326): CodeIgniter\CodeIgniter->handleRequest(NULL, Object(Config\Cache), false)
#8 C:\xampp\htdocs\undangan\public\index.php(37): CodeIgniter\CodeIgniter->run()
#9 C:\xampp\htdocs\undangan\system\Commands\Server\rewrite.php(43): require_once('C:\\xampp\\htdocs...')
#10 {main}
CRITICAL - 2022-06-02 03:28:58 --> Undefined variable: errUserId
#0 C:\xampp\htdocs\undangan\app\Views\main\daftar.php(7): CodeIgniter\Debug\Exceptions->errorHandler(8, 'Undefined varia...', 'C:\\xampp\\htdocs...', 7, Array)
#1 C:\xampp\htdocs\undangan\system\View\View.php(210): include('C:\\xampp\\htdocs...')
#2 C:\xampp\htdocs\undangan\system\View\View.php(213): CodeIgniter\View\View->CodeIgniter\View\{closure}()
#3 C:\xampp\htdocs\undangan\system\Common.php(1089): CodeIgniter\View\View->render('main/daftar', Array, true)
#4 C:\xampp\htdocs\undangan\app\Controllers\Main.php(30): view('main/daftar', Array)
#5 C:\xampp\htdocs\undangan\system\CodeIgniter.php(832): App\Controllers\Main->daftar()
#6 C:\xampp\htdocs\undangan\system\CodeIgniter.php(419): CodeIgniter\CodeIgniter->runController(Object(App\Controllers\Main))
#7 C:\xampp\htdocs\undangan\system\CodeIgniter.php(326): CodeIgniter\CodeIgniter->handleRequest(NULL, Object(Config\Cache), false)
#8 C:\xampp\htdocs\undangan\public\index.php(37): CodeIgniter\CodeIgniter->run()
#9 C:\xampp\htdocs\undangan\system\Commands\Server\rewrite.php(43): require_once('C:\\xampp\\htdocs...')
#10 {main}
CRITICAL - 2022-06-02 03:28:59 --> Undefined variable: errUserId
#0 C:\xampp\htdocs\undangan\app\Views\main\daftar.php(7): CodeIgniter\Debug\Exceptions->errorHandler(8, 'Undefined varia...', 'C:\\xampp\\htdocs...', 7, Array)
#1 C:\xampp\htdocs\undangan\system\View\View.php(210): include('C:\\xampp\\htdocs...')
#2 C:\xampp\htdocs\undangan\system\View\View.php(213): CodeIgniter\View\View->CodeIgniter\View\{closure}()
#3 C:\xampp\htdocs\undangan\system\Common.php(1089): CodeIgniter\View\View->render('main/daftar', Array, true)
#4 C:\xampp\htdocs\undangan\app\Controllers\Main.php(30): view('main/daftar', Array)
#5 C:\xampp\htdocs\undangan\system\CodeIgniter.php(832): App\Controllers\Main->daftar()
#6 C:\xampp\htdocs\undangan\system\CodeIgniter.php(419): CodeIgniter\CodeIgniter->runController(Object(App\Controllers\Main))
#7 C:\xampp\htdocs\undangan\system\CodeIgniter.php(326): CodeIgniter\CodeIgniter->handleRequest(NULL, Object(Config\Cache), false)
#8 C:\xampp\htdocs\undangan\public\index.php(37): CodeIgniter\CodeIgniter->run()
#9 C:\xampp\htdocs\undangan\system\Commands\Server\rewrite.php(43): require_once('C:\\xampp\\htdocs...')
#10 {main}
CRITICAL - 2022-06-02 03:29:00 --> Undefined variable: errUserId
#0 C:\xampp\htdocs\undangan\app\Views\main\daftar.php(7): CodeIgniter\Debug\Exceptions->errorHandler(8, 'Undefined varia...', 'C:\\xampp\\htdocs...', 7, Array)
#1 C:\xampp\htdocs\undangan\system\View\View.php(210): include('C:\\xampp\\htdocs...')
#2 C:\xampp\htdocs\undangan\system\View\View.php(213): CodeIgniter\View\View->CodeIgniter\View\{closure}()
#3 C:\xampp\htdocs\undangan\system\Common.php(1089): CodeIgniter\View\View->render('main/daftar', Array, true)
#4 C:\xampp\htdocs\undangan\app\Controllers\Main.php(30): view('main/daftar', Array)
#5 C:\xampp\htdocs\undangan\system\CodeIgniter.php(832): App\Controllers\Main->daftar()
#6 C:\xampp\htdocs\undangan\system\CodeIgniter.php(419): CodeIgniter\CodeIgniter->runController(Object(App\Controllers\Main))
#7 C:\xampp\htdocs\undangan\system\CodeIgniter.php(326): CodeIgniter\CodeIgniter->handleRequest(NULL, Object(Config\Cache), false)
#8 C:\xampp\htdocs\undangan\public\index.php(37): CodeIgniter\CodeIgniter->run()
#9 C:\xampp\htdocs\undangan\system\Commands\Server\rewrite.php(43): require_once('C:\\xampp\\htdocs...')
#10 {main}
CRITICAL - 2022-06-02 03:37:42 --> Undefined variable: userid
#0 C:\xampp\htdocs\undangan\app\Views\main\daftar.php(50): CodeIgniter\Debug\Exceptions->errorHandler(8, 'Undefined varia...', 'C:\\xampp\\htdocs...', 50, Array)
#1 C:\xampp\htdocs\undangan\system\View\View.php(210): include('C:\\xampp\\htdocs...')
#2 C:\xampp\htdocs\undangan\system\View\View.php(213): CodeIgniter\View\View->CodeIgniter\View\{closure}()
#3 C:\xampp\htdocs\undangan\system\Common.php(1089): CodeIgniter\View\View->render('main/daftar', Array, true)
#4 C:\xampp\htdocs\undangan\app\Controllers\Main.php(30): view('main/daftar', Array)
#5 C:\xampp\htdocs\undangan\system\CodeIgniter.php(832): App\Controllers\Main->daftar()
#6 C:\xampp\htdocs\undangan\system\CodeIgniter.php(419): CodeIgniter\CodeIgniter->runController(Object(App\Controllers\Main))
#7 C:\xampp\htdocs\undangan\system\CodeIgniter.php(326): CodeIgniter\CodeIgniter->handleRequest(NULL, Object(Config\Cache), false)
#8 C:\xampp\htdocs\undangan\public\index.php(37): CodeIgniter\CodeIgniter->run()
#9 C:\xampp\htdocs\undangan\system\Commands\Server\rewrite.php(43): require_once('C:\\xampp\\htdocs...')
#10 {main}
CRITICAL - 2022-06-02 03:38:00 --> Undefined variable: userid
#0 C:\xampp\htdocs\undangan\app\Views\main\daftar.php(50): CodeIgniter\Debug\Exceptions->errorHandler(8, 'Undefined varia...', 'C:\\xampp\\htdocs...', 50, Array)
#1 C:\xampp\htdocs\undangan\system\View\View.php(210): include('C:\\xampp\\htdocs...')
#2 C:\xampp\htdocs\undangan\system\View\View.php(213): CodeIgniter\View\View->CodeIgniter\View\{closure}()
#3 C:\xampp\htdocs\undangan\system\Common.php(1089): CodeIgniter\View\View->render('main/daftar', Array, true)
#4 C:\xampp\htdocs\undangan\app\Controllers\Main.php(30): view('main/daftar', Array)
#5 C:\xampp\htdocs\undangan\system\CodeIgniter.php(832): App\Controllers\Main->daftar()
#6 C:\xampp\htdocs\undangan\system\CodeIgniter.php(419): CodeIgniter\CodeIgniter->runController(Object(App\Controllers\Main))
#7 C:\xampp\htdocs\undangan\system\CodeIgniter.php(326): CodeIgniter\CodeIgniter->handleRequest(NULL, Object(Config\Cache), false)
#8 C:\xampp\htdocs\undangan\public\index.php(37): CodeIgniter\CodeIgniter->run()
#9 C:\xampp\htdocs\undangan\system\Commands\Server\rewrite.php(43): require_once('C:\\xampp\\htdocs...')
#10 {main}
CRITICAL - 2022-06-02 03:38:01 --> Undefined variable: userid
#0 C:\xampp\htdocs\undangan\app\Views\main\daftar.php(50): CodeIgniter\Debug\Exceptions->errorHandler(8, 'Undefined varia...', 'C:\\xampp\\htdocs...', 50, Array)
#1 C:\xampp\htdocs\undangan\system\View\View.php(210): include('C:\\xampp\\htdocs...')
#2 C:\xampp\htdocs\undangan\system\View\View.php(213): CodeIgniter\View\View->CodeIgniter\View\{closure}()
#3 C:\xampp\htdocs\undangan\system\Common.php(1089): CodeIgniter\View\View->render('main/daftar', Array, true)
#4 C:\xampp\htdocs\undangan\app\Controllers\Main.php(30): view('main/daftar', Array)
#5 C:\xampp\htdocs\undangan\system\CodeIgniter.php(832): App\Controllers\Main->daftar()
#6 C:\xampp\htdocs\undangan\system\CodeIgniter.php(419): CodeIgniter\CodeIgniter->runController(Object(App\Controllers\Main))
#7 C:\xampp\htdocs\undangan\system\CodeIgniter.php(326): CodeIgniter\CodeIgniter->handleRequest(NULL, Object(Config\Cache), false)
#8 C:\xampp\htdocs\undangan\public\index.php(37): CodeIgniter\CodeIgniter->run()
#9 C:\xampp\htdocs\undangan\system\Commands\Server\rewrite.php(43): require_once('C:\\xampp\\htdocs...')
#10 {main}
CRITICAL - 2022-06-02 03:38:04 --> Undefined variable: userid
#0 C:\xampp\htdocs\undangan\app\Views\main\daftar.php(50): CodeIgniter\Debug\Exceptions->errorHandler(8, 'Undefined varia...', 'C:\\xampp\\htdocs...', 50, Array)
#1 C:\xampp\htdocs\undangan\system\View\View.php(210): include('C:\\xampp\\htdocs...')
#2 C:\xampp\htdocs\undangan\system\View\View.php(213): CodeIgniter\View\View->CodeIgniter\View\{closure}()
#3 C:\xampp\htdocs\undangan\system\Common.php(1089): CodeIgniter\View\View->render('main/daftar', Array, true)
#4 C:\xampp\htdocs\undangan\app\Controllers\Main.php(30): view('main/daftar', Array)
#5 C:\xampp\htdocs\undangan\system\CodeIgniter.php(832): App\Controllers\Main->daftar()
#6 C:\xampp\htdocs\undangan\system\CodeIgniter.php(419): CodeIgniter\CodeIgniter->runController(Object(App\Controllers\Main))
#7 C:\xampp\htdocs\undangan\system\CodeIgniter.php(326): CodeIgniter\CodeIgniter->handleRequest(NULL, Object(Config\Cache), false)
#8 C:\xampp\htdocs\undangan\public\index.php(37): CodeIgniter\CodeIgniter->run()
#9 C:\xampp\htdocs\undangan\system\Commands\Server\rewrite.php(43): require_once('C:\\xampp\\htdocs...')
#10 {main}
CRITICAL - 2022-06-02 03:38:47 --> Undefined variable: userid
#0 C:\xampp\htdocs\undangan\app\Views\main\daftar.php(25): CodeIgniter\Debug\Exceptions->errorHandler(8, 'Undefined varia...', 'C:\\xampp\\htdocs...', 25, Array)
#1 C:\xampp\htdocs\undangan\system\View\View.php(210): include('C:\\xampp\\htdocs...')
#2 C:\xampp\htdocs\undangan\system\View\View.php(213): CodeIgniter\View\View->CodeIgniter\View\{closure}()
#3 C:\xampp\htdocs\undangan\system\Common.php(1089): CodeIgniter\View\View->render('main/daftar', Array, true)
#4 C:\xampp\htdocs\undangan\app\Controllers\Main.php(30): view('main/daftar', Array)
#5 C:\xampp\htdocs\undangan\system\CodeIgniter.php(832): App\Controllers\Main->daftar()
#6 C:\xampp\htdocs\undangan\system\CodeIgniter.php(419): CodeIgniter\CodeIgniter->runController(Object(App\Controllers\Main))
#7 C:\xampp\htdocs\undangan\system\CodeIgniter.php(326): CodeIgniter\CodeIgniter->handleRequest(NULL, Object(Config\Cache), false)
#8 C:\xampp\htdocs\undangan\public\index.php(37): CodeIgniter\CodeIgniter->run()
#9 C:\xampp\htdocs\undangan\system\Commands\Server\rewrite.php(43): require_once('C:\\xampp\\htdocs...')
#10 {main}
CRITICAL - 2022-06-02 03:39:17 --> Undefined variable: userid
#0 C:\xampp\htdocs\undangan\app\Views\main\daftar.php(25): CodeIgniter\Debug\Exceptions->errorHandler(8, 'Undefined varia...', 'C:\\xampp\\htdocs...', 25, Array)
#1 C:\xampp\htdocs\undangan\system\View\View.php(210): include('C:\\xampp\\htdocs...')
#2 C:\xampp\htdocs\undangan\system\View\View.php(213): CodeIgniter\View\View->CodeIgniter\View\{closure}()
#3 C:\xampp\htdocs\undangan\system\Common.php(1089): CodeIgniter\View\View->render('main/daftar', Array, true)
#4 C:\xampp\htdocs\undangan\app\Controllers\Main.php(30): view('main/daftar', Array)
#5 C:\xampp\htdocs\undangan\system\CodeIgniter.php(832): App\Controllers\Main->daftar()
#6 C:\xampp\htdocs\undangan\system\CodeIgniter.php(419): CodeIgniter\CodeIgniter->runController(Object(App\Controllers\Main))
#7 C:\xampp\htdocs\undangan\system\CodeIgniter.php(326): CodeIgniter\CodeIgniter->handleRequest(NULL, Object(Config\Cache), false)
#8 C:\xampp\htdocs\undangan\public\index.php(37): CodeIgniter\CodeIgniter->run()
#9 C:\xampp\htdocs\undangan\system\Commands\Server\rewrite.php(43): require_once('C:\\xampp\\htdocs...')
#10 {main}
CRITICAL - 2022-06-02 03:39:31 --> Undefined variable: userid
#0 C:\xampp\htdocs\undangan\app\Views\main\daftar.php(25): CodeIgniter\Debug\Exceptions->errorHandler(8, 'Undefined varia...', 'C:\\xampp\\htdocs...', 25, Array)
#1 C:\xampp\htdocs\undangan\system\View\View.php(210): include('C:\\xampp\\htdocs...')
#2 C:\xampp\htdocs\undangan\system\View\View.php(213): CodeIgniter\View\View->CodeIgniter\View\{closure}()
#3 C:\xampp\htdocs\undangan\system\Common.php(1089): CodeIgniter\View\View->render('main/daftar', Array, true)
#4 C:\xampp\htdocs\undangan\app\Controllers\Main.php(30): view('main/daftar', Array)
#5 C:\xampp\htdocs\undangan\system\CodeIgniter.php(832): App\Controllers\Main->daftar()
#6 C:\xampp\htdocs\undangan\system\CodeIgniter.php(419): CodeIgniter\CodeIgniter->runController(Object(App\Controllers\Main))
#7 C:\xampp\htdocs\undangan\system\CodeIgniter.php(326): CodeIgniter\CodeIgniter->handleRequest(NULL, Object(Config\Cache), false)
#8 C:\xampp\htdocs\undangan\public\index.php(37): CodeIgniter\CodeIgniter->run()
#9 C:\xampp\htdocs\undangan\system\Commands\Server\rewrite.php(43): require_once('C:\\xampp\\htdocs...')
#10 {main}
CRITICAL - 2022-06-02 03:40:08 --> Undefined variable: userid
#0 C:\xampp\htdocs\undangan\app\Views\main\daftar.php(50): CodeIgniter\Debug\Exceptions->errorHandler(8, 'Undefined varia...', 'C:\\xampp\\htdocs...', 50, Array)
#1 C:\xampp\htdocs\undangan\system\View\View.php(210): include('C:\\xampp\\htdocs...')
#2 C:\xampp\htdocs\undangan\system\View\View.php(213): CodeIgniter\View\View->CodeIgniter\View\{closure}()
#3 C:\xampp\htdocs\undangan\system\Common.php(1089): CodeIgniter\View\View->render('main/daftar', Array, true)
#4 C:\xampp\htdocs\undangan\app\Controllers\Main.php(30): view('main/daftar', Array)
#5 C:\xampp\htdocs\undangan\system\CodeIgniter.php(832): App\Controllers\Main->daftar()
#6 C:\xampp\htdocs\undangan\system\CodeIgniter.php(419): CodeIgniter\CodeIgniter->runController(Object(App\Controllers\Main))
#7 C:\xampp\htdocs\undangan\system\CodeIgniter.php(326): CodeIgniter\CodeIgniter->handleRequest(NULL, Object(Config\Cache), false)
#8 C:\xampp\htdocs\undangan\public\index.php(37): CodeIgniter\CodeIgniter->run()
#9 C:\xampp\htdocs\undangan\system\Commands\Server\rewrite.php(43): require_once('C:\\xampp\\htdocs...')
#10 {main}
CRITICAL - 2022-06-02 03:41:36 --> Undefined variable: userid
#0 C:\xampp\htdocs\undangan\app\Views\main\daftar.php(25): CodeIgniter\Debug\Exceptions->errorHandler(8, 'Undefined varia...', 'C:\\xampp\\htdocs...', 25, Array)
#1 C:\xampp\htdocs\undangan\system\View\View.php(210): include('C:\\xampp\\htdocs...')
#2 C:\xampp\htdocs\undangan\system\View\View.php(213): CodeIgniter\View\View->CodeIgniter\View\{closure}()
#3 C:\xampp\htdocs\undangan\system\Common.php(1089): CodeIgniter\View\View->render('main/daftar', Array, true)
#4 C:\xampp\htdocs\undangan\app\Controllers\Main.php(30): view('main/daftar', Array)
#5 C:\xampp\htdocs\undangan\system\CodeIgniter.php(832): App\Controllers\Main->daftar()
#6 C:\xampp\htdocs\undangan\system\CodeIgniter.php(419): CodeIgniter\CodeIgniter->runController(Object(App\Controllers\Main))
#7 C:\xampp\htdocs\undangan\system\CodeIgniter.php(326): CodeIgniter\CodeIgniter->handleRequest(NULL, Object(Config\Cache), false)
#8 C:\xampp\htdocs\undangan\public\index.php(37): CodeIgniter\CodeIgniter->run()
#9 C:\xampp\htdocs\undangan\system\Commands\Server\rewrite.php(43): require_once('C:\\xampp\\htdocs...')
#10 {main}
CRITICAL - 2022-06-02 03:45:02 --> Undefined variable: userid
#0 C:\xampp\htdocs\undangan\app\Views\main\daftar.php(9): CodeIgniter\Debug\Exceptions->errorHandler(8, 'Undefined varia...', 'C:\\xampp\\htdocs...', 9, Array)
#1 C:\xampp\htdocs\undangan\system\View\View.php(210): include('C:\\xampp\\htdocs...')
#2 C:\xampp\htdocs\undangan\system\View\View.php(213): CodeIgniter\View\View->CodeIgniter\View\{closure}()
#3 C:\xampp\htdocs\undangan\system\Common.php(1089): CodeIgniter\View\View->render('main/daftar', Array, true)
#4 C:\xampp\htdocs\undangan\app\Controllers\Main.php(30): view('main/daftar', Array)
#5 C:\xampp\htdocs\undangan\system\CodeIgniter.php(832): App\Controllers\Main->daftar()
#6 C:\xampp\htdocs\undangan\system\CodeIgniter.php(419): CodeIgniter\CodeIgniter->runController(Object(App\Controllers\Main))
#7 C:\xampp\htdocs\undangan\system\CodeIgniter.php(326): CodeIgniter\CodeIgniter->handleRequest(NULL, Object(Config\Cache), false)
#8 C:\xampp\htdocs\undangan\public\index.php(37): CodeIgniter\CodeIgniter->run()
#9 C:\xampp\htdocs\undangan\system\Commands\Server\rewrite.php(43): require_once('C:\\xampp\\htdocs...')
#10 {main}
CRITICAL - 2022-06-02 04:10:26 --> Undefined variable: validation
#0 C:\xampp\htdocs\undangan\app\Views\main\daftar.php(16): CodeIgniter\Debug\Exceptions->errorHandler(8, 'Undefined varia...', 'C:\\xampp\\htdocs...', 16, Array)
#1 C:\xampp\htdocs\undangan\system\View\View.php(210): include('C:\\xampp\\htdocs...')
#2 C:\xampp\htdocs\undangan\system\View\View.php(213): CodeIgniter\View\View->CodeIgniter\View\{closure}()
#3 C:\xampp\htdocs\undangan\system\Common.php(1089): CodeIgniter\View\View->render('main/daftar', Array, true)
#4 C:\xampp\htdocs\undangan\app\Controllers\Main.php(30): view('main/daftar', Array)
#5 C:\xampp\htdocs\undangan\system\CodeIgniter.php(832): App\Controllers\Main->daftar()
#6 C:\xampp\htdocs\undangan\system\CodeIgniter.php(419): CodeIgniter\CodeIgniter->runController(Object(App\Controllers\Main))
#7 C:\xampp\htdocs\undangan\system\CodeIgniter.php(326): CodeIgniter\CodeIgniter->handleRequest(NULL, Object(Config\Cache), false)
#8 C:\xampp\htdocs\undangan\public\index.php(37): CodeIgniter\CodeIgniter->run()
#9 C:\xampp\htdocs\undangan\system\Commands\Server\rewrite.php(43): require_once('C:\\xampp\\htdocs...')
#10 {main}
CRITICAL - 2022-06-02 04:10:53 --> Undefined variable: validation
#0 C:\xampp\htdocs\undangan\app\Views\main\daftar.php(23): CodeIgniter\Debug\Exceptions->errorHandler(8, 'Undefined varia...', 'C:\\xampp\\htdocs...', 23, Array)
#1 C:\xampp\htdocs\undangan\system\View\View.php(210): include('C:\\xampp\\htdocs...')
#2 C:\xampp\htdocs\undangan\system\View\View.php(213): CodeIgniter\View\View->CodeIgniter\View\{closure}()
#3 C:\xampp\htdocs\undangan\system\Common.php(1089): CodeIgniter\View\View->render('main/daftar', Array, true)
#4 C:\xampp\htdocs\undangan\app\Controllers\Main.php(30): view('main/daftar', Array)
#5 C:\xampp\htdocs\undangan\system\CodeIgniter.php(832): App\Controllers\Main->daftar()
#6 C:\xampp\htdocs\undangan\system\CodeIgniter.php(419): CodeIgniter\CodeIgniter->runController(Object(App\Controllers\Main))
#7 C:\xampp\htdocs\undangan\system\CodeIgniter.php(326): CodeIgniter\CodeIgniter->handleRequest(NULL, Object(Config\Cache), false)
#8 C:\xampp\htdocs\undangan\public\index.php(37): CodeIgniter\CodeIgniter->run()
#9 C:\xampp\htdocs\undangan\system\Commands\Server\rewrite.php(43): require_once('C:\\xampp\\htdocs...')
#10 {main}
CRITICAL - 2022-06-02 04:18:19 --> Undefined variable: userid
#0 C:\xampp\htdocs\undangan\app\Views\main\daftar.php(16): CodeIgniter\Debug\Exceptions->errorHandler(8, 'Undefined varia...', 'C:\\xampp\\htdocs...', 16, Array)
#1 C:\xampp\htdocs\undangan\system\View\View.php(210): include('C:\\xampp\\htdocs...')
#2 C:\xampp\htdocs\undangan\system\View\View.php(213): CodeIgniter\View\View->CodeIgniter\View\{closure}()
#3 C:\xampp\htdocs\undangan\system\Common.php(1089): CodeIgniter\View\View->render('main/daftar', Array, true)
#4 C:\xampp\htdocs\undangan\app\Controllers\Main.php(30): view('main/daftar', Array)
#5 C:\xampp\htdocs\undangan\system\CodeIgniter.php(832): App\Controllers\Main->daftar()
#6 C:\xampp\htdocs\undangan\system\CodeIgniter.php(419): CodeIgniter\CodeIgniter->runController(Object(App\Controllers\Main))
#7 C:\xampp\htdocs\undangan\system\CodeIgniter.php(326): CodeIgniter\CodeIgniter->handleRequest(NULL, Object(Config\Cache), false)
#8 C:\xampp\htdocs\undangan\public\index.php(37): CodeIgniter\CodeIgniter->run()
#9 C:\xampp\htdocs\undangan\system\Commands\Server\rewrite.php(43): require_once('C:\\xampp\\htdocs...')
#10 {main}
CRITICAL - 2022-06-02 05:06:25 --> Trying to access array offset on value of type null
#0 C:\xampp\htdocs\undangan\app\Controllers\Main.php(91): CodeIgniter\Debug\Exceptions->errorHandler(8, 'Trying to acces...', 'C:\\xampp\\htdocs...', 91, Array)
#1 C:\xampp\htdocs\undangan\system\CodeIgniter.php(832): App\Controllers\Main->daftarsimpan()
#2 C:\xampp\htdocs\undangan\system\CodeIgniter.php(419): CodeIgniter\CodeIgniter->runController(Object(App\Controllers\Main))
#3 C:\xampp\htdocs\undangan\system\CodeIgniter.php(326): CodeIgniter\CodeIgniter->handleRequest(NULL, Object(Config\Cache), false)
#4 C:\xampp\htdocs\undangan\public\index.php(37): CodeIgniter\CodeIgniter->run()
#5 C:\xampp\htdocs\undangan\system\Commands\Server\rewrite.php(43): require_once('C:\\xampp\\htdocs...')
#6 {main}
CRITICAL - 2022-06-02 05:07:46 --> Trying to access array offset on value of type null
#0 C:\xampp\htdocs\undangan\app\Controllers\Main.php(91): CodeIgniter\Debug\Exceptions->errorHandler(8, 'Trying to acces...', 'C:\\xampp\\htdocs...', 91, Array)
#1 C:\xampp\htdocs\undangan\system\CodeIgniter.php(832): App\Controllers\Main->daftarsimpan()
#2 C:\xampp\htdocs\undangan\system\CodeIgniter.php(419): CodeIgniter\CodeIgniter->runController(Object(App\Controllers\Main))
#3 C:\xampp\htdocs\undangan\system\CodeIgniter.php(326): CodeIgniter\CodeIgniter->handleRequest(NULL, Object(Config\Cache), false)
#4 C:\xampp\htdocs\undangan\public\index.php(37): CodeIgniter\CodeIgniter->run()
#5 C:\xampp\htdocs\undangan\system\Commands\Server\rewrite.php(43): require_once('C:\\xampp\\htdocs...')
#6 {main}
CRITICAL - 2022-06-02 05:08:21 --> Object of class App\Models\ModelUsers could not be converted to string
#0 C:\xampp\htdocs\undangan\system\CodeIgniter.php(832): App\Controllers\Main->daftarsimpan()
#1 C:\xampp\htdocs\undangan\system\CodeIgniter.php(419): CodeIgniter\CodeIgniter->runController(Object(App\Controllers\Main))
#2 C:\xampp\htdocs\undangan\system\CodeIgniter.php(326): CodeIgniter\CodeIgniter->handleRequest(NULL, Object(Config\Cache), false)
#3 C:\xampp\htdocs\undangan\public\index.php(37): CodeIgniter\CodeIgniter->run()
#4 C:\xampp\htdocs\undangan\system\Commands\Server\rewrite.php(43): require_once('C:\\xampp\\htdocs...')
#5 {main}
CRITICAL - 2022-06-02 05:09:11 --> Object of class App\Models\ModelUsers could not be converted to string
#0 C:\xampp\htdocs\undangan\system\CodeIgniter.php(832): App\Controllers\Main->daftarsimpan()
#1 C:\xampp\htdocs\undangan\system\CodeIgniter.php(419): CodeIgniter\CodeIgniter->runController(Object(App\Controllers\Main))
#2 C:\xampp\htdocs\undangan\system\CodeIgniter.php(326): CodeIgniter\CodeIgniter->handleRequest(NULL, Object(Config\Cache), false)
#3 C:\xampp\htdocs\undangan\public\index.php(37): CodeIgniter\CodeIgniter->run()
#4 C:\xampp\htdocs\undangan\system\Commands\Server\rewrite.php(43): require_once('C:\\xampp\\htdocs...')
#5 {main}
